SF:lib/core/platform/network_info.dart
DA:11,1
DA:13,1
DA:14,2
LF:3
LH:3
end_of_record
SF:lib/core/presentation/util/input_convertor.dart
DA:6,1
DA:8,1
DA:9,2
DA:10,1
DA:11,1
DA:12,2
DA:18,1
DA:19,1
LF:8
LH:8
end_of_record
SF:lib/core/error/failure.dart
DA:7,1
DA:8,1
DA:12,1
DA:13,1
LF:4
LH:4
end_of_record
SF:lib/features/number_trivia/data/datasources/number_trivia_remote_data_source.dart
DA:24,0
DA:26,0
DA:27,0
DA:29,0
DA:32,0
DA:33,0
DA:34,0
DA:36,0
DA:39,0
DA:40,0
DA:42,0
DA:43,0
LF:12
LH:0
end_of_record
SF:lib/features/number_trivia/data/models/number_trivia_model.dart
DA:10,2
DA:12,0
DA:13,0
DA:14,0
DA:15,0
DA:19,1
DA:20,3
DA:23,0
DA:24,0
LF:9
LH:3
end_of_record
SF:lib/features/number_trivia/domain/entities/number_trivia.dart
DA:8,4
DA:13,1
DA:14,3
LF:3
LH:3
end_of_record
SF:lib/features/number_trivia/data/datasources/number_trivia_local_data_source.dart
DA:23,0
DA:27,0
DA:28,0
DA:31,0
DA:33,0
DA:36,0
DA:38,0
LF:7
LH:0
end_of_record
SF:lib/features/number_trivia/data/respositories/number_trivia_repository_impl.dart
DA:20,1
DA:25,1
DA:26,3
DA:29,2
DA:31,2
DA:32,2
DA:33,1
DA:34,2
DA:39,3
DA:41,2
DA:42,1
DA:43,2
DA:47,1
DA:50,4
DA:54,1
DA:55,4
DA:58,1
DA:59,3
LF:18
LH:18
end_of_record
SF:lib/features/number_trivia/domain/usecases/get_concrete_number_trivia.dart
DA:12,1
DA:15,1
DA:16,4
DA:23,2
DA:24,1
DA:25,2
LF:6
LH:6
end_of_record
SF:lib/core/usecases/usecase.dart
DA:13,0
DA:14,0
LF:2
LH:0
end_of_record
SF:lib/features/number_trivia/domain/usecases/get_random_number_trivia.dart
DA:13,1
DA:16,1
DA:18,3
LF:3
LH:3
end_of_record
SF:lib/features/number_trivia/presentation/bloc/number_trivia_event.dart
DA:4,1
DA:10,1
DA:12,0
DA:13,0
DA:18,0
DA:19,0
LF:6
LH:2
end_of_record
SF:lib/features/number_trivia/presentation/bloc/number_trivia_state.dart
DA:4,1
DA:8,1
DA:9,1
DA:13,1
DA:14,1
DA:19,1
DA:21,1
DA:22,1
DA:27,1
DA:29,1
DA:30,2
LF:11
LH:11
end_of_record
SF:lib/features/number_trivia/presentation/bloc/number_trivia_bloc.dart
DA:27,1
DA:31,0
DA:32,0
DA:33,0
DA:37,1
DA:38,1
DA:41,1
DA:44,1
DA:46,3
DA:48,2
DA:49,1
DA:50,2
DA:52,1
DA:53,2
DA:54,3
DA:57,1
DA:58,4
DA:62,1
DA:64,2
DA:65,1
DA:66,2
DA:67,3
DA:68,2
DA:72,1
DA:74,1
DA:75,1
DA:77,1
LF:27
LH:24
end_of_record
